# JRE version: OpenJDK Runtime Environment (8.0_265-b01) (build 1.8.0_265-b01)
# Java VM: OpenJDK 64-Bit Server VM (25.265-b01 mixed mode windows-amd64 compressed oops)
Heap:
 PSYoungGen      total 844288K, used 810045K [0x0000000780000000, 0x00000007be480000, 0x00000007c0000000)
  eden space 727040K, 100% used [0x0000000780000000,0x00000007ac600000,0x00000007ac600000)
  from space 117248K, 70% used [0x00000007ac600000,0x00000007b170f680,0x00000007b3880000)
  to   space 120320K, 65% used [0x00000007b6f00000,0x00000007bbc11f50,0x00000007be480000)
 ParOldGen       total 666112K, used 450217K [0x0000000700000000, 0x0000000728a80000, 0x0000000780000000)
  object space 666112K, 67% used [0x0000000700000000,0x000000071b7ae770,0x0000000728a80000)
 Metaspace       used 72492K, capacity 74530K, committed 74752K, reserved 1114112K
  class space    used 9184K, capacity 9612K, committed 9728K, reserved 1048576K
GC Heap History (10 events):
Event: 410.162 GC heap after
Heap after GC invocations=62 (full 5):
 PSYoungGen      total 733184K, used 73676K [0x0000000780000000, 0x00000007b6c00000, 0x00000007c0000000)
  eden space 628736K, 0% used [0x0000000780000000,0x0000000780000000,0x00000007a6600000)
  from space 104448K, 70% used [0x00000007a6600000,0x00000007aadf3050,0x00000007acc00000)
  to   space 108032K, 0% used [0x00000007b0280000,0x00000007b0280000,0x00000007b6c00000)
 ParOldGen       total 666112K, used 440937K [0x0000000700000000, 0x0000000728a80000, 0x0000000780000000)
  object space 666112K, 66% used [0x0000000700000000,0x000000071ae9a550,0x0000000728a80000)
 Metaspace       used 69042K, capacity 70924K, committed 71168K, reserved 1112064K
  class space    used 8806K, capacity 9200K, committed 9216K, reserved 1048576K
}
Event: 411.979 GC heap before
{Heap before GC invocations=63 (full 5):
 PSYoungGen      total 733184K, used 702412K [0x0000000780000000, 0x00000007b6c00000, 0x00000007c0000000)
  eden space 628736K, 100% used [0x0000000780000000,0x00000007a6600000,0x00000007a6600000)
  from space 104448K, 70% used [0x00000007a6600000,0x00000007aadf3050,0x00000007acc00000)
  to   space 108032K, 0% used [0x00000007b0280000,0x00000007b0280000,0x00000007b6c00000)
 ParOldGen       total 666112K, used 440937K [0x0000000700000000, 0x0000000728a80000, 0x0000000780000000)
  object space 666112K, 66% used [0x0000000700000000,0x000000071ae9a550,0x0000000728a80000)
 Metaspace       used 69043K, capacity 70924K, committed 71168K, reserved 1112064K
  class space    used 8806K, capacity 9200K, committed 9216K, reserved 1048576K
Event: 412.022 GC heap after
Heap after GC invocations=63 (full 5):
 PSYoungGen      total 784896K, used 77592K [0x0000000780000000, 0x00000007b7300000, 0x00000007c0000000)
  eden space 676864K, 0% used [0x0000000780000000,0x0000000780000000,0x00000007a9500000)
  from space 108032K, 71% used [0x00000007b0280000,0x00000007b4e46078,0x00000007b6c00000)
  to   space 112128K, 0% used [0x00000007a9500000,0x00000007a9500000,0x00000007b0280000)
 ParOldGen       total 666112K, used 440945K [0x0000000700000000, 0x0000000728a80000, 0x0000000780000000)
  object space 666112K, 66% used [0x0000000700000000,0x000000071ae9c550,0x0000000728a80000)
 Metaspace       used 69043K, capacity 70924K, committed 71168K, reserved 1112064K
  class space    used 8806K, capacity 9200K, committed 9216K, reserved 1048576K
}
Event: 414.327 GC heap before
{Heap before GC invocations=64 (full 5):
 PSYoungGen      total 784896K, used 754456K [0x0000000780000000, 0x00000007b7300000, 0x00000007c0000000)
  eden space 676864K, 100% used [0x0000000780000000,0x00000007a9500000,0x00000007a9500000)
  from space 108032K, 71% used [0x00000007b0280000,0x00000007b4e46078,0x00000007b6c00000)
  to   space 112128K, 0% used [0x00000007a9500000,0x00000007a9500000,0x00000007b0280000)
 ParOldGen       total 666112K, used 440945K [0x0000000700000000, 0x0000000728a80000, 0x0000000780000000)
  object space 666112K, 66% used [0x0000000700000000,0x000000071ae9c550,0x0000000728a80000)
 Metaspace       used 69043K, capacity 70924K, committed 71168K, reserved 1112064K
  class space    used 8806K, capacity 9200K, committed 9216K, reserved 1048576K
Event: 414.365 GC heap after
Heap after GC invocations=64 (full 5):
 PSYoungGen      total 788992K, used 77705K [0x0000000780000000, 0x00000007ba900000, 0x00000007c0000000)
  eden space 676864K, 0% used [0x0000000780000000,0x0000000780000000,0x00000007a9500000)
  from space 112128K, 69% used [0x00000007a9500000,0x00000007ae0e26f8,0x00000007b0280000)
  to   space 115200K, 0% used [0x00000007b3880000,0x00000007b3880000,0x00000007ba900000)
 ParOldGen       total 666112K, used 440945K [0x0000000700000000, 0x0000000728a80000, 0x0000000780000000)
  object space 666112K, 66% used [0x0000000700000000,0x000000071ae9c550,0x0000000728a80000)
 Metaspace       used 69043K, capacity 70924K, committed 71168K, reserved 1112064K
  class space    used 8806K, capacity 9200K, committed 9216K, reserved 1048576K
}
Event: 416.571 GC heap before
{Heap before GC invocations=65 (full 5):
 PSYoungGen      total 788992K, used 754569K [0x0000000780000000, 0x00000007ba900000, 0x00000007c0000000)
  eden space 676864K, 100% used [0x0000000780000000,0x00000007a9500000,0x00000007a9500000)
  from space 112128K, 69% used [0x00000007a9500000,0x00000007ae0e26f8,0x00000007b0280000)
  to   space 115200K, 0% used [0x00000007b3880000,0x00000007b3880000,0x00000007ba900000)
 ParOldGen       total 666112K, used 440945K [0x0000000700000000, 0x0000000728a80000, 0x0000000780000000)
  object space 666112K, 66% used [0x0000000700000000,0x000000071ae9c550,0x0000000728a80000)
 Metaspace       used 69043K, capacity 70924K, committed 71168K, reserved 1112064K
  class space    used 8806K, capacity 9200K, committed 9216K, reserved 1048576K
Event: 416.614 GC heap after
Heap after GC invocations=65 (full 5):
 PSYoungGen      total 842240K, used 78060K [0x0000000780000000, 0x00000007bac00000, 0x00000007c0000000)
  eden space 727040K, 0% used [0x0000000780000000,0x0000000780000000,0x00000007ac600000)
  from space 115200K, 67% used [0x00000007b3880000,0x00000007b84bb090,0x00000007ba900000)
  to   space 117248K, 0% used [0x00000007ac600000,0x00000007ac600000,0x00000007b3880000)
 ParOldGen       total 666112K, used 440945K [0x0000000700000000, 0x0000000728a80000, 0x0000000780000000)
  object space 666112K, 66% used [0x0000000700000000,0x000000071ae9c550,0x0000000728a80000)
 Metaspace       used 69043K, capacity 70924K, committed 71168K, reserved 1112064K
  class space    used 8806K, capacity 9200K, committed 9216K, reserved 1048576K
}
Event: 418.979 GC heap before
{Heap before GC invocations=66 (full 5):
 PSYoungGen      total 842240K, used 805100K [0x0000000780000000, 0x00000007bac00000, 0x00000007c0000000)
  eden space 727040K, 100% used [0x0000000780000000,0x00000007ac600000,0x00000007ac600000)
  from space 115200K, 67% used [0x00000007b3880000,0x00000007b84bb090,0x00000007ba900000)
  to   space 117248K, 0% used [0x00000007ac600000,0x00000007ac600000,0x00000007b3880000)
 ParOldGen       total 666112K, used 440945K [0x0000000700000000, 0x0000000728a80000, 0x0000000780000000)
  object space 666112K, 66% used [0x0000000700000000,0x000000071ae9c550,0x0000000728a80000)
 Metaspace       used 69060K, capacity 70924K, committed 71168K, reserved 1112064K
  class space    used 8806K, capacity 9200K, committed 9216K, reserved 1048576K
Event: 419.022 GC heap after
Heap after GC invocations=66 (full 5):
 PSYoungGen      total 844288K, used 83005K [0x0000000780000000, 0x00000007be480000, 0x00000007c0000000)
  eden space 727040K, 0% used [0x0000000780000000,0x0000000780000000,0x00000007ac600000)
  from space 117248K, 70% used [0x00000007ac600000,0x00000007b170f680,0x00000007b3880000)
  to   space 120320K, 0% used [0x00000007b6f00000,0x00000007b6f00000,0x00000007be480000)
 ParOldGen       total 666112K, used 440953K [0x0000000700000000, 0x0000000728a80000, 0x0000000780000000)
  object space 666112K, 66% used [0x0000000700000000,0x000000071ae9e550,0x0000000728a80000)
 Metaspace       used 69060K, capacity 70924K, committed 71168K, reserved 1112064K
  class space    used 8806K, capacity 9200K, committed 9216K, reserved 1048576K
}
Event: 1831.141 GC heap before
{Heap before GC invocations=67 (full 5):
 PSYoungGen      total 844288K, used 810045K [0x0000000780000000, 0x00000007be480000, 0x00000007c0000000)
  eden space 727040K, 100% used [0x0000000780000000,0x00000007ac600000,0x00000007ac600000)
  from space 117248K, 70% used [0x00000007ac600000,0x00000007b170f680,0x00000007b3880000)
  to   space 120320K, 0% used [0x00000007b6f00000,0x00000007b6f00000,0x00000007be480000)
 ParOldGen       total 666112K, used 440953K [0x0000000700000000, 0x0000000728a80000, 0x0000000780000000)
  object space 666112K, 66% used [0x0000000700000000,0x000000071ae9e550,0x0000000728a80000)
 Metaspace       used 72492K, capacity 74530K, committed 74752K, reserved 1114112K
  class space    used 9184K, capacity 9612K, committed 9728K, reserved 1048576K

